{"/Users/juanisaza/code/videogame-discovery/src/components/index.ts": {"path":"/Users/juanisaza/code/videogame-discovery/src/components/index.ts","all":false,"statementMap":{"0":{"start":{"line":1,"column":0},"end":{"line":1,"column":31}},"1":{"start":{"line":2,"column":0},"end":{"line":2,"column":49}},"2":{"start":{"line":3,"column":0},"end":{"line":3,"column":37}},"3":{"start":{"line":4,"column":0},"end":{"line":4,"column":35}}},"s":{"0":1,"1":1,"2":1,"3":1},"branchMap":{},"b":{},"fnMap":{},"f":{}}
,"/Users/juanisaza/code/videogame-discovery/src/components/ColorModeSwitch/ColorModeSwitch.tsx": {"path":"/Users/juanisaza/code/videogame-discovery/src/components/ColorModeSwitch/ColorModeSwitch.tsx","all":false,"statementMap":{"0":{"start":{"line":1,"column":0},"end":{"line":1,"column":62}},"1":{"start":{"line":2,"column":0},"end":{"line":2,"column":41}},"2":{"start":{"line":3,"column":0},"end":{"line":3,"column":47}},"3":{"start":{"line":4,"column":0},"end":{"line":4,"column":0}},"4":{"start":{"line":5,"column":0},"end":{"line":5,"column":38}},"5":{"start":{"line":6,"column":0},"end":{"line":6,"column":55}},"6":{"start":{"line":7,"column":0},"end":{"line":7,"column":0}},"7":{"start":{"line":8,"column":0},"end":{"line":8,"column":10}},"8":{"start":{"line":9,"column":0},"end":{"line":9,"column":11}},"9":{"start":{"line":10,"column":0},"end":{"line":10,"column":36}},"10":{"start":{"line":11,"column":0},"end":{"line":11,"column":37}},"11":{"start":{"line":12,"column":0},"end":{"line":12,"column":21}},"12":{"start":{"line":13,"column":0},"end":{"line":13,"column":21}},"13":{"start":{"line":14,"column":0},"end":{"line":14,"column":31}},"14":{"start":{"line":15,"column":0},"end":{"line":15,"column":5}},"15":{"start":{"line":16,"column":0},"end":{"line":16,"column":32}},"16":{"start":{"line":17,"column":0},"end":{"line":17,"column":60}},"17":{"start":{"line":18,"column":0},"end":{"line":18,"column":11}},"18":{"start":{"line":19,"column":0},"end":{"line":19,"column":58}},"19":{"start":{"line":20,"column":0},"end":{"line":20,"column":8}},"20":{"start":{"line":21,"column":0},"end":{"line":21,"column":13}},"21":{"start":{"line":22,"column":0},"end":{"line":22,"column":3}},"22":{"start":{"line":23,"column":0},"end":{"line":23,"column":1}}},"s":{"0":1,"1":1,"2":1,"3":1,"4":1,"5":4,"6":4,"7":4,"8":4,"9":4,"10":4,"11":4,"12":4,"13":4,"14":4,"15":4,"16":1,"17":3,"18":3,"19":4,"20":4,"21":4,"22":4},"branchMap":{"0":{"type":"branch","line":5,"loc":{"start":{"line":5,"column":31},"end":{"line":23,"column":1}},"locations":[{"start":{"line":5,"column":31},"end":{"line":23,"column":1}}]},"1":{"type":"branch","line":16,"loc":{"start":{"line":16,"column":21},"end":{"line":17,"column":60}},"locations":[{"start":{"line":16,"column":21},"end":{"line":17,"column":60}}]},"2":{"type":"branch","line":17,"loc":{"start":{"line":17,"column":58},"end":{"line":19,"column":58}},"locations":[{"start":{"line":17,"column":58},"end":{"line":19,"column":58}}]},"3":{"type":"branch","line":23,"loc":{"start":{"line":23,"column":0},"end":{"line":23,"column":1}},"locations":[{"start":{"line":23,"column":0},"end":{"line":23,"column":1}}]}},"b":{"0":[4],"1":[1],"2":[3],"3":[4]},"fnMap":{"0":{"name":"ColorModeSwitch","decl":{"start":{"line":5,"column":31},"end":{"line":23,"column":1}},"loc":{"start":{"line":5,"column":31},"end":{"line":23,"column":1}},"line":5},"1":{"name":"get","decl":{"start":{"line":23,"column":0},"end":{"line":23,"column":1}},"loc":{"start":{"line":23,"column":0},"end":{"line":23,"column":1}},"line":23}},"f":{"0":4,"1":4}}
,"/Users/juanisaza/code/videogame-discovery/src/components/GameCard/GameCard.tsx": {"path":"/Users/juanisaza/code/videogame-discovery/src/components/GameCard/GameCard.tsx","all":false,"statementMap":{"0":{"start":{"line":1,"column":0},"end":{"line":1,"column":65}},"1":{"start":{"line":2,"column":0},"end":{"line":2,"column":38}},"2":{"start":{"line":3,"column":0},"end":{"line":3,"column":0}},"3":{"start":{"line":4,"column":0},"end":{"line":4,"column":17}},"4":{"start":{"line":5,"column":0},"end":{"line":5,"column":12}},"5":{"start":{"line":6,"column":0},"end":{"line":6,"column":1}},"6":{"start":{"line":7,"column":0},"end":{"line":7,"column":0}},"7":{"start":{"line":8,"column":0},"end":{"line":8,"column":46}},"8":{"start":{"line":9,"column":0},"end":{"line":9,"column":10}},"9":{"start":{"line":10,"column":0},"end":{"line":10,"column":9}},"10":{"start":{"line":11,"column":0},"end":{"line":11,"column":23}},"11":{"start":{"line":12,"column":0},"end":{"line":12,"column":20}},"12":{"start":{"line":13,"column":0},"end":{"line":13,"column":29}},"13":{"start":{"line":14,"column":0},"end":{"line":14,"column":16}},"14":{"start":{"line":15,"column":0},"end":{"line":15,"column":15}},"15":{"start":{"line":16,"column":0},"end":{"line":16,"column":23}},"16":{"start":{"line":17,"column":0},"end":{"line":17,"column":53}},"17":{"start":{"line":18,"column":0},"end":{"line":18,"column":5}},"18":{"start":{"line":19,"column":0},"end":{"line":19,"column":43}},"19":{"start":{"line":20,"column":0},"end":{"line":20,"column":16}},"20":{"start":{"line":21,"column":0},"end":{"line":21,"column":38}},"21":{"start":{"line":22,"column":0},"end":{"line":22,"column":17}},"22":{"start":{"line":23,"column":0},"end":{"line":23,"column":11}},"23":{"start":{"line":24,"column":0},"end":{"line":24,"column":3}},"24":{"start":{"line":25,"column":0},"end":{"line":25,"column":1}}},"s":{"0":1,"1":1,"2":1,"3":1,"4":1,"5":1,"6":1,"7":1,"8":2,"9":2,"10":2,"11":2,"12":2,"13":2,"14":2,"15":2,"16":2,"17":2,"18":2,"19":2,"20":2,"21":2,"22":2,"23":2,"24":2},"branchMap":{"0":{"type":"branch","line":8,"loc":{"start":{"line":8,"column":24},"end":{"line":25,"column":1}},"locations":[{"start":{"line":8,"column":24},"end":{"line":25,"column":1}}]},"1":{"type":"branch","line":25,"loc":{"start":{"line":25,"column":0},"end":{"line":25,"column":1}},"locations":[{"start":{"line":25,"column":0},"end":{"line":25,"column":1}}]}},"b":{"0":[2],"1":[2]},"fnMap":{"0":{"name":"GameCard","decl":{"start":{"line":8,"column":24},"end":{"line":25,"column":1}},"loc":{"start":{"line":8,"column":24},"end":{"line":25,"column":1}},"line":8},"1":{"name":"get","decl":{"start":{"line":25,"column":0},"end":{"line":25,"column":1}},"loc":{"start":{"line":25,"column":0},"end":{"line":25,"column":1}},"line":25}},"f":{"0":2,"1":2}}
,"/Users/juanisaza/code/videogame-discovery/src/components/GamesGrid/GamesGrid.tsx": {"path":"/Users/juanisaza/code/videogame-discovery/src/components/GamesGrid/GamesGrid.tsx","all":false,"statementMap":{"0":{"start":{"line":1,"column":0},"end":{"line":1,"column":62}},"1":{"start":{"line":2,"column":0},"end":{"line":2,"column":44}},"2":{"start":{"line":3,"column":0},"end":{"line":3,"column":39}},"3":{"start":{"line":4,"column":0},"end":{"line":4,"column":0}},"4":{"start":{"line":5,"column":0},"end":{"line":5,"column":32}},"5":{"start":{"line":6,"column":0},"end":{"line":6,"column":57}},"6":{"start":{"line":7,"column":0},"end":{"line":7,"column":0}},"7":{"start":{"line":8,"column":0},"end":{"line":8,"column":18}},"8":{"start":{"line":9,"column":0},"end":{"line":9,"column":12}},"9":{"start":{"line":10,"column":0},"end":{"line":10,"column":16}},"10":{"start":{"line":11,"column":0},"end":{"line":11,"column":39}},"11":{"start":{"line":12,"column":0},"end":{"line":12,"column":22}},"12":{"start":{"line":13,"column":0},"end":{"line":13,"column":31}},"13":{"start":{"line":14,"column":0},"end":{"line":14,"column":31}},"14":{"start":{"line":15,"column":0},"end":{"line":15,"column":22}},"15":{"start":{"line":16,"column":0},"end":{"line":16,"column":7}},"16":{"start":{"line":17,"column":0},"end":{"line":17,"column":31}},"17":{"start":{"line":18,"column":0},"end":{"line":18,"column":18}},"18":{"start":{"line":19,"column":0},"end":{"line":19,"column":5}},"19":{"start":{"line":20,"column":0},"end":{"line":20,"column":3}},"20":{"start":{"line":21,"column":0},"end":{"line":21,"column":0}},"21":{"start":{"line":22,"column":0},"end":{"line":22,"column":16}},"22":{"start":{"line":23,"column":0},"end":{"line":23,"column":12}},"23":{"start":{"line":24,"column":0},"end":{"line":24,"column":16}},"24":{"start":{"line":25,"column":0},"end":{"line":25,"column":22}},"25":{"start":{"line":26,"column":0},"end":{"line":26,"column":31}},"26":{"start":{"line":27,"column":0},"end":{"line":27,"column":31}},"27":{"start":{"line":28,"column":0},"end":{"line":28,"column":22}},"28":{"start":{"line":29,"column":0},"end":{"line":29,"column":7}},"29":{"start":{"line":30,"column":0},"end":{"line":30,"column":37}},"30":{"start":{"line":31,"column":0},"end":{"line":31,"column":18}},"31":{"start":{"line":32,"column":0},"end":{"line":32,"column":5}},"32":{"start":{"line":33,"column":0},"end":{"line":33,"column":3}},"33":{"start":{"line":34,"column":0},"end":{"line":34,"column":0}},"34":{"start":{"line":35,"column":0},"end":{"line":35,"column":10}},"35":{"start":{"line":36,"column":0},"end":{"line":36,"column":6}},"36":{"start":{"line":37,"column":0},"end":{"line":37,"column":43}},"37":{"start":{"line":38,"column":0},"end":{"line":38,"column":31}},"38":{"start":{"line":39,"column":0},"end":{"line":39,"column":48}},"39":{"start":{"line":40,"column":0},"end":{"line":40,"column":11}},"40":{"start":{"line":41,"column":0},"end":{"line":41,"column":19}},"41":{"start":{"line":42,"column":0},"end":{"line":42,"column":7}},"42":{"start":{"line":43,"column":0},"end":{"line":43,"column":3}},"43":{"start":{"line":44,"column":0},"end":{"line":44,"column":1}}},"s":{"0":1,"1":1,"2":1,"3":1,"4":1,"5":3,"6":3,"7":3,"8":1,"9":1,"10":1,"11":1,"12":1,"13":1,"14":1,"15":1,"16":1,"17":1,"18":1,"19":1,"20":2,"21":3,"22":1,"23":1,"24":1,"25":1,"26":1,"27":1,"28":1,"29":1,"30":1,"31":1,"32":1,"33":1,"34":1,"35":1,"36":1,"37":3,"38":2,"39":3,"40":3,"41":3,"42":3,"43":3},"branchMap":{"0":{"type":"branch","line":5,"loc":{"start":{"line":5,"column":25},"end":{"line":44,"column":1}},"locations":[{"start":{"line":5,"column":25},"end":{"line":44,"column":1}}]},"1":{"type":"branch","line":8,"loc":{"start":{"line":8,"column":17},"end":{"line":20,"column":3}},"locations":[{"start":{"line":8,"column":17},"end":{"line":20,"column":3}}]},"2":{"type":"branch","line":20,"loc":{"start":{"line":20,"column":2},"end":{"line":22,"column":15}},"locations":[{"start":{"line":20,"column":2},"end":{"line":22,"column":15}}]},"3":{"type":"branch","line":22,"loc":{"start":{"line":22,"column":15},"end":{"line":38,"column":20}},"locations":[{"start":{"line":22,"column":15},"end":{"line":38,"column":20}}]},"4":{"type":"branch","line":38,"loc":{"start":{"line":38,"column":20},"end":{"line":39,"column":48}},"locations":[{"start":{"line":38,"column":20},"end":{"line":39,"column":48}}]},"5":{"type":"branch","line":44,"loc":{"start":{"line":44,"column":0},"end":{"line":44,"column":1}},"locations":[{"start":{"line":44,"column":0},"end":{"line":44,"column":1}}]}},"b":{"0":[3],"1":[1],"2":[2],"3":[1],"4":[2],"5":[3]},"fnMap":{"0":{"name":"GamesGrid","decl":{"start":{"line":5,"column":25},"end":{"line":44,"column":1}},"loc":{"start":{"line":5,"column":25},"end":{"line":44,"column":1}},"line":5},"1":{"name":"get","decl":{"start":{"line":44,"column":0},"end":{"line":44,"column":1}},"loc":{"start":{"line":44,"column":0},"end":{"line":44,"column":1}},"line":44}},"f":{"0":3,"1":3}}
,"/Users/juanisaza/code/videogame-discovery/src/components/NavBar/NavBar.tsx": {"path":"/Users/juanisaza/code/videogame-discovery/src/components/NavBar/NavBar.tsx","all":false,"statementMap":{"0":{"start":{"line":1,"column":0},"end":{"line":1,"column":43}},"1":{"start":{"line":2,"column":0},"end":{"line":2,"column":48}},"2":{"start":{"line":3,"column":0},"end":{"line":3,"column":51}},"3":{"start":{"line":4,"column":0},"end":{"line":4,"column":0}},"4":{"start":{"line":5,"column":0},"end":{"line":5,"column":29}},"5":{"start":{"line":6,"column":0},"end":{"line":6,"column":10}},"6":{"start":{"line":7,"column":0},"end":{"line":7,"column":78}},"7":{"start":{"line":8,"column":0},"end":{"line":8,"column":70}},"8":{"start":{"line":9,"column":0},"end":{"line":9,"column":25}},"9":{"start":{"line":10,"column":0},"end":{"line":10,"column":13}},"10":{"start":{"line":11,"column":0},"end":{"line":11,"column":3}},"11":{"start":{"line":12,"column":0},"end":{"line":12,"column":1}}},"s":{"0":1,"1":1,"2":1,"3":1,"4":1,"5":1,"6":1,"7":1,"8":1,"9":1,"10":1,"11":1},"branchMap":{"0":{"type":"branch","line":5,"loc":{"start":{"line":5,"column":22},"end":{"line":12,"column":1}},"locations":[{"start":{"line":5,"column":22},"end":{"line":12,"column":1}}]},"1":{"type":"branch","line":12,"loc":{"start":{"line":12,"column":0},"end":{"line":12,"column":1}},"locations":[{"start":{"line":12,"column":0},"end":{"line":12,"column":1}}]}},"b":{"0":[1],"1":[1]},"fnMap":{"0":{"name":"NavBar","decl":{"start":{"line":5,"column":22},"end":{"line":12,"column":1}},"loc":{"start":{"line":5,"column":22},"end":{"line":12,"column":1}},"line":5},"1":{"name":"get","decl":{"start":{"line":12,"column":0},"end":{"line":12,"column":1}},"loc":{"start":{"line":12,"column":0},"end":{"line":12,"column":1}},"line":12}},"f":{"0":1,"1":1}}
,"/Users/juanisaza/code/videogame-discovery/src/hooks/index.ts": {"path":"/Users/juanisaza/code/videogame-discovery/src/hooks/index.ts","all":false,"statementMap":{"0":{"start":{"line":1,"column":0},"end":{"line":1,"column":36}}},"s":{"0":1},"branchMap":{},"b":{},"fnMap":{},"f":{}}
,"/Users/juanisaza/code/videogame-discovery/src/hooks/useGames/useGames.ts": {"path":"/Users/juanisaza/code/videogame-discovery/src/hooks/useGames/useGames.ts","all":false,"statementMap":{"0":{"start":{"line":1,"column":0},"end":{"line":1,"column":49}},"1":{"start":{"line":2,"column":0},"end":{"line":2,"column":38}},"2":{"start":{"line":3,"column":0},"end":{"line":3,"column":0}},"3":{"start":{"line":4,"column":0},"end":{"line":4,"column":30}},"4":{"start":{"line":5,"column":0},"end":{"line":5,"column":15}},"5":{"start":{"line":6,"column":0},"end":{"line":6,"column":17}},"6":{"start":{"line":7,"column":0},"end":{"line":7,"column":1}},"7":{"start":{"line":8,"column":0},"end":{"line":8,"column":0}},"8":{"start":{"line":9,"column":0},"end":{"line":9,"column":31}},"9":{"start":{"line":10,"column":0},"end":{"line":10,"column":9}},"10":{"start":{"line":11,"column":0},"end":{"line":11,"column":16}},"11":{"start":{"line":12,"column":0},"end":{"line":12,"column":10}},"12":{"start":{"line":13,"column":0},"end":{"line":13,"column":12}},"13":{"start":{"line":14,"column":0},"end":{"line":14,"column":14}},"14":{"start":{"line":15,"column":0},"end":{"line":15,"column":52}},"15":{"start":{"line":16,"column":0},"end":{"line":16,"column":20}},"16":{"start":{"line":17,"column":0},"end":{"line":17,"column":40}},"17":{"start":{"line":18,"column":0},"end":{"line":18,"column":48}},"18":{"start":{"line":19,"column":0},"end":{"line":19,"column":4}},"19":{"start":{"line":20,"column":0},"end":{"line":20,"column":0}},"20":{"start":{"line":21,"column":0},"end":{"line":21,"column":45}},"21":{"start":{"line":22,"column":0},"end":{"line":22,"column":1}}},"s":{"0":1,"1":1,"2":1,"3":1,"4":1,"5":1,"6":1,"7":1,"8":1,"9":2,"10":2,"11":2,"12":2,"13":2,"14":2,"15":0,"16":0,"17":0,"18":2,"19":2,"20":2,"21":3},"branchMap":{"0":{"type":"branch","line":9,"loc":{"start":{"line":9,"column":24},"end":{"line":22,"column":1}},"locations":[{"start":{"line":9,"column":24},"end":{"line":22,"column":1}}]},"1":{"type":"branch","line":22,"loc":{"start":{"line":22,"column":0},"end":{"line":22,"column":1}},"locations":[{"start":{"line":22,"column":0},"end":{"line":22,"column":1}}]}},"b":{"0":[2],"1":[3]},"fnMap":{"0":{"name":"useGames","decl":{"start":{"line":9,"column":24},"end":{"line":22,"column":1}},"loc":{"start":{"line":9,"column":24},"end":{"line":22,"column":1}},"line":9},"1":{"name":"get","decl":{"start":{"line":22,"column":0},"end":{"line":22,"column":1}},"loc":{"start":{"line":22,"column":0},"end":{"line":22,"column":1}},"line":22}},"f":{"0":2,"1":3}}
,"/Users/juanisaza/code/videogame-discovery/src/services/index.ts": {"path":"/Users/juanisaza/code/videogame-discovery/src/services/index.ts","all":false,"statementMap":{"0":{"start":{"line":1,"column":0},"end":{"line":1,"column":55}},"1":{"start":{"line":2,"column":0},"end":{"line":2,"column":34}}},"s":{"0":1,"1":1},"branchMap":{"0":{"type":"branch","line":1,"loc":{"start":{"line":1,"column":37},"end":{"line":1,"column":55}},"locations":[{"start":{"line":1,"column":37},"end":{"line":1,"column":55}}]}},"b":{"0":[1]},"fnMap":{"0":{"name":"get","decl":{"start":{"line":1,"column":37},"end":{"line":1,"column":55}},"loc":{"start":{"line":1,"column":37},"end":{"line":1,"column":55}},"line":1}},"f":{"0":1}}
,"/Users/juanisaza/code/videogame-discovery/src/services/api/apiClient.ts": {"path":"/Users/juanisaza/code/videogame-discovery/src/services/api/apiClient.ts","all":false,"statementMap":{"0":{"start":{"line":1,"column":0},"end":{"line":1,"column":25}},"1":{"start":{"line":2,"column":0},"end":{"line":2,"column":0}},"2":{"start":{"line":3,"column":0},"end":{"line":3,"column":29}},"3":{"start":{"line":4,"column":0},"end":{"line":4,"column":37}},"4":{"start":{"line":5,"column":0},"end":{"line":5,"column":11}},"5":{"start":{"line":6,"column":0},"end":{"line":6,"column":44}},"6":{"start":{"line":7,"column":0},"end":{"line":7,"column":4}},"7":{"start":{"line":8,"column":0},"end":{"line":8,"column":2}}},"s":{"0":1,"1":1,"2":1,"3":1,"4":1,"5":1,"6":1,"7":1},"branchMap":{},"b":{},"fnMap":{},"f":{}}
,"/Users/juanisaza/code/videogame-discovery/src/services/types/Game/Game.ts": {"path":"/Users/juanisaza/code/videogame-discovery/src/services/types/Game/Game.ts","all":false,"statementMap":{"0":{"start":{"line":1,"column":0},"end":{"line":1,"column":23}},"1":{"start":{"line":2,"column":0},"end":{"line":2,"column":12}},"2":{"start":{"line":3,"column":0},"end":{"line":3,"column":14}},"3":{"start":{"line":4,"column":0},"end":{"line":4,"column":26}},"4":{"start":{"line":5,"column":0},"end":{"line":5,"column":1}}},"s":{"0":3,"1":3,"2":3,"3":3,"4":3},"branchMap":{"0":{"type":"branch","line":1,"loc":{"start":{"line":1,"column":0},"end":{"line":5,"column":1}},"locations":[{"start":{"line":1,"column":0},"end":{"line":5,"column":1}}]},"1":{"type":"branch","line":1,"loc":{"start":{"line":1,"column":13},"end":{"line":5,"column":1}},"locations":[{"start":{"line":1,"column":13},"end":{"line":5,"column":1}}]}},"b":{"0":[3],"1":[3]},"fnMap":{},"f":{}}
}
